<?xml version="1.0" encoding="utf-8" standalone="no"?>
<!--This file represents the results of running a test suite-->
<test-results name="C:\Users\natan.radostin\Source\Repos\Project for testers\addressbook-web-test\addressbook-web-test\bin\Debug\addressbook-web-test.dll" total="2" errors="0" failures="0" not-run="0" inconclusive="0" ignored="0" skipped="0" invalid="0" date="2017-10-24" time="17:10:08">
  <environment nunit-version="2.6.4.14350" clr-version="2.0.50727.8762" os-version="Microsoft Windows NT 6.1.7601 Service Pack 1" platform="Win32NT" cwd="C:\Program Files (x86)\NUnit 2.6.4\bin" machine-name="LT-031259" user="natan.radostin" user-domain="NIS1" />
  <culture-info current-culture="en-US" current-uiculture="en-US" />
  <test-suite type="Assembly" name="C:\Users\natan.radostin\Source\Repos\Project for testers\addressbook-web-test\addressbook-web-test\bin\Debug\addressbook-web-test.dll" executed="True" result="Success" success="True" time="18.629" asserts="0">
    <results>
      <test-suite type="Namespace" name="WebAddressbookTests" executed="True" result="Success" success="True" time="18.622" asserts="0">
        <results>
          <test-suite type="TestFixture" name="GroupCreationTests" executed="True" result="Success" success="True" time="18.618" asserts="0">
            <results>
              <test-suite type="ParameterizedTest" name="GroupCreationTest" executed="True" result="Success" success="True" time="18.612" asserts="0">
                <results>
                  <test-case name="WebAddressbookTests.GroupCreationTests.GroupCreationTest(name=name1)" executed="True" result="Success" success="True" time="14.531" asserts="2" />
                  <test-case name="WebAddressbookTests.GroupCreationTests.GroupCreationTest(name=name2)" executed="True" result="Success" success="True" time="4.064" asserts="2" />
                </results>
              </test-suite>
            </results>
          </test-suite>
        </results>
      </test-suite>
    </results>
  </test-suite>
</test-results>